[debug] [2024-02-27T18:59:27.813Z] ----------------------------------------------------------------------
[debug] [2024-02-27T18:59:27.814Z] Command:       /Users/sato/.volta/tools/image/node/18.18.2/bin/node /Users/sato/.volta/tools/image/packages/firebase-tools/bin/firebase init
[debug] [2024-02-27T18:59:27.814Z] CLI Version:   13.3.1
[debug] [2024-02-27T18:59:27.814Z] Platform:      darwin
[debug] [2024-02-27T18:59:27.814Z] Node Version:  v18.18.2
[debug] [2024-02-27T18:59:27.815Z] Time:          Wed Feb 28 2024 03:59:27 GMT+0900 (Japan Standard Time)
[debug] [2024-02-27T18:59:27.815Z] ----------------------------------------------------------------------
[debug] 
[debug] [2024-02-27T18:59:27.818Z] > command requires scopes: ["email","openid","https://www.googleapis.com/auth/cloudplatformprojects.readonly","https://www.googleapis.com/auth/firebase","https://www.googleapis.com/auth/cloud-platform"]
[debug] [2024-02-27T18:59:27.818Z] > authorizing via signed-in user (parkmill0811@gmail.com)
[info] 
     ######## #### ########  ######## ########     ###     ######  ########
     ##        ##  ##     ## ##       ##     ##  ##   ##  ##       ##
     ######    ##  ########  ######   ########  #########  ######  ######
     ##        ##  ##    ##  ##       ##     ## ##     ##       ## ##
     ##       #### ##     ## ######## ########  ##     ##  ######  ########

You're about to initialize a Firebase project in this directory:

  /Users/sato/jLDE/src/discord-clone-udemy

[info] 
=== Project Setup
[info] 
[info] First, let's associate this project directory with a Firebase project.
[info] You can create multiple project aliases by running firebase use --add, 
[info] but for now we'll just set up a default project.
[info] 
[debug] [2024-02-27T18:59:41.340Z] >>> [apiv2][query] GET https://firebase.googleapis.com/v1beta1/projects pageSize=100
[debug] [2024-02-27T18:59:42.026Z] <<< [apiv2][status] GET https://firebase.googleapis.com/v1beta1/projects 200
[debug] [2024-02-27T18:59:42.027Z] <<< [apiv2][body] GET https://firebase.googleapis.com/v1beta1/projects [omitted]
[info] i  Using project discord-clone-14a59 (discord-clone) 
[info] 
=== Hosting Setup
[debug] [2024-02-27T18:59:48.556Z] >>> [apiv2][query] GET https://firebase.googleapis.com/v1beta1/projects/discord-clone-14a59 [none]
[debug] [2024-02-27T18:59:48.981Z] <<< [apiv2][status] GET https://firebase.googleapis.com/v1beta1/projects/discord-clone-14a59 200
[debug] [2024-02-27T18:59:48.981Z] <<< [apiv2][body] GET https://firebase.googleapis.com/v1beta1/projects/discord-clone-14a59 {"projectId":"discord-clone-14a59","projectNumber":"822678704807","displayName":"discord-clone","name":"projects/discord-clone-14a59","resources":{"hostingSite":"discord-clone-14a59"},"state":"ACTIVE","etag":"1_6417093d-5479-40e8-a7c8-c694008cbd66"}
[info] 
[info] Your public directory is the folder (relative to your project directory) that
[info] will contain Hosting assets to be uploaded with firebase deploy. If you
[info] have a build process for your assets, use your build's output directory.
[info] 
